<?xml version="1.0" encoding="UTF-8"?>
<!-- Generated by org.testng.reporters.JUnitReportReporter -->
<testsuite skipped="0" hostname="su-PC" name="com.w2a.testcases.LoginTest" tests="1" failures="0" timestamp="16 Mar 2019 17:31:19 GMT" time="12.710" errors="0">
  <testcase name="loginTest" time="12.710" classname="com.w2a.testcases.LoginTest"/>
</testsuite> <!-- com.w2a.testcases.LoginTest -->
